Build started 2016-12-13 10:21:10 PM.
     1>Project "C:\Users\x201\Documents\GitHub\IntroToSoftware\TeamProject\Deliverables\Beta\WolvalutionProtoTypeBeta\WolvalutionProtoTypeBeta\WolvalutionProtoType1.vcxproj" on node 2 (Build target(s)).
     1>ClCompile:
         C:\Program Files (x86)\Microsoft Visual Studio 14.0\VC\bin\CL.exe /c /ZI /nologo /W3 /WX- /Od /Oy- /D WIN32 /D _DEBUG /D _CONSOLE /D _UNICODE /D UNICODE /Gm /EHsc /RTC1 /MDd /GS /fp:precise /Zc:wchar_t /Zc:forScope /Zc:inline /Fo"Debug\\" /Fd"Debug\vc140.pdb" /Gd /TP /analyze- /errorReport:prompt SRC\PlayGame.cpp
         PlayGame.cpp
     1>c:\users\x201\documents\github\introtosoftware\teamproject\deliverables\beta\wolvalutionprototypebeta\wolvalutionprototypebeta\src\playgame.cpp(181): warning C4996: 'getch': The POSIX name for this item is deprecated. Instead, use the ISO C and C++ conformant name: _getch. See online help for details.
         c:\program files (x86)\windows kits\10\include\10.0.10150.0\ucrt\conio.h(452): note: see declaration of 'getch'
     1>c:\users\x201\documents\github\introtosoftware\teamproject\deliverables\beta\wolvalutionprototypebeta\wolvalutionprototypebeta\src\playgame.cpp(199): warning C4996: 'getch': The POSIX name for this item is deprecated. Instead, use the ISO C and C++ conformant name: _getch. See online help for details.
         c:\program files (x86)\windows kits\10\include\10.0.10150.0\ucrt\conio.h(452): note: see declaration of 'getch'
     1>c:\users\x201\documents\github\introtosoftware\teamproject\deliverables\beta\wolvalutionprototypebeta\wolvalutionprototypebeta\src\playgame.cpp(228): warning C4996: 'getch': The POSIX name for this item is deprecated. Instead, use the ISO C and C++ conformant name: _getch. See online help for details.
         c:\program files (x86)\windows kits\10\include\10.0.10150.0\ucrt\conio.h(452): note: see declaration of 'getch'
     1>c:\users\x201\documents\github\introtosoftware\teamproject\deliverables\beta\wolvalutionprototypebeta\wolvalutionprototypebeta\src\playgame.cpp(243): warning C4996: 'getch': The POSIX name for this item is deprecated. Instead, use the ISO C and C++ conformant name: _getch. See online help for details.
         c:\program files (x86)\windows kits\10\include\10.0.10150.0\ucrt\conio.h(452): note: see declaration of 'getch'
     1>c:\users\x201\documents\github\introtosoftware\teamproject\deliverables\beta\wolvalutionprototypebeta\wolvalutionprototypebeta\src\playgame.cpp(326): warning C4996: 'getch': The POSIX name for this item is deprecated. Instead, use the ISO C and C++ conformant name: _getch. See online help for details.
         c:\program files (x86)\windows kits\10\include\10.0.10150.0\ucrt\conio.h(452): note: see declaration of 'getch'
     1>c:\users\x201\documents\github\introtosoftware\teamproject\deliverables\beta\wolvalutionprototypebeta\wolvalutionprototypebeta\src\playgame.cpp(342): warning C4996: 'getch': The POSIX name for this item is deprecated. Instead, use the ISO C and C++ conformant name: _getch. See online help for details.
         c:\program files (x86)\windows kits\10\include\10.0.10150.0\ucrt\conio.h(452): note: see declaration of 'getch'
     1>c:\users\x201\documents\github\introtosoftware\teamproject\deliverables\beta\wolvalutionprototypebeta\wolvalutionprototypebeta\src\playgame.cpp(360): warning C4996: 'getch': The POSIX name for this item is deprecated. Instead, use the ISO C and C++ conformant name: _getch. See online help for details.
         c:\program files (x86)\windows kits\10\include\10.0.10150.0\ucrt\conio.h(452): note: see declaration of 'getch'
     1>c:\users\x201\documents\github\introtosoftware\teamproject\deliverables\beta\wolvalutionprototypebeta\wolvalutionprototypebeta\src\playgame.cpp(415): warning C4996: 'getch': The POSIX name for this item is deprecated. Instead, use the ISO C and C++ conformant name: _getch. See online help for details.
         c:\program files (x86)\windows kits\10\include\10.0.10150.0\ucrt\conio.h(452): note: see declaration of 'getch'
     1>c:\users\x201\documents\github\introtosoftware\teamproject\deliverables\beta\wolvalutionprototypebeta\wolvalutionprototypebeta\src\playgame.cpp(260): warning C4715: 'PlayGame': not all control paths return a value
       Link:
         C:\Program Files (x86)\Microsoft Visual Studio 14.0\VC\bin\link.exe /ERRORREPORT:PROMPT /OUT:"C:\Users\x201\Documents\GitHub\IntroToSoftware\TeamProject\Deliverables\Beta\WolvalutionProtoTypeBeta\WolvalutionProtoTypeBeta\Debug\WolvalutionProtoType1.exe" /INCREMENTAL /NOLOGO /LTCG:STATUS kernel32.lib user32.lib gdi32.lib winspool.lib comdlg32.lib advapi32.lib shell32.lib ole32.lib oleaut32.lib uuid.lib odbc32.lib odbccp32.lib /MANIFEST /MANIFESTUAC:"level='asInvoker' uiAccess='false'" /manifest:embed /Debug /PDB:"C:\Users\x201\Documents\GitHub\IntroToSoftware\TeamProject\Deliverables\Beta\WolvalutionProtoTypeBeta\WolvalutionProtoTypeBeta\Debug\WolvalutionProtoType1.pdb" /SUBSYSTEM:CONSOLE /LTCG /TLBID:1 /DYNAMICBASE /NXCOMPAT /IMPLIB:"C:\Users\x201\Documents\GitHub\IntroToSoftware\TeamProject\Deliverables\Beta\WolvalutionProtoTypeBeta\WolvalutionProtoTypeBeta\Debug\WolvalutionProtoType1.lib" /MACHINE:X86 Debug\ColoredCharacter.obj
         Debug\Frame.obj
         Debug\Map.obj
         Debug\MapSquare.obj
         Debug\PlayGame.obj
         Debug\Scenario.obj
         Debug\Player.obj
         Debug\WindowsConsole.obj
         Debug\Option.obj
     1>LINK : warning LNK4075: ignoring '/INCREMENTAL' due to '/LTCG' specification
     1>ColoredCharacter.obj : warning LNK4075: ignoring '/EDITANDCONTINUE' due to '/OPT:LBR' specification
         LINK : /LTCG specified but no code generation required; remove /LTCG from the link command line to improve linker performance
         WolvalutionProtoType1.vcxproj -> C:\Users\x201\Documents\GitHub\IntroToSoftware\TeamProject\Deliverables\Beta\WolvalutionProtoTypeBeta\WolvalutionProtoTypeBeta\Debug\WolvalutionProtoType1.exe
     1>Done Building Project "C:\Users\x201\Documents\GitHub\IntroToSoftware\TeamProject\Deliverables\Beta\WolvalutionProtoTypeBeta\WolvalutionProtoTypeBeta\WolvalutionProtoType1.vcxproj" (Build target(s)).

Build succeeded.

Time Elapsed 00:00:04.14
